SQLState : 23000
ErrorCode : -10

05/11/08 00:01:59--------------------------------------------------------
class java.sql.SQLException : Attempt to insert null into a non-nullable column: column: PAR_NASCIMENTO table: PARTICIPANTES in statement [ UPDATE Participantes SET Par_Escolaridade = ?  , Par_Pai_Escolaridade = ?  , Par_Mae_Escolaridade = ?  , Par_Estado = ?  , Par_Nome = ?  , Par_Projeto = ?  , Par_Iniciais = ?  , Par_Sexo = ?  , Par_Nascimento = ?  , Par_Mae_Nome = ?  , Par_Pai_Nome = ?  , Par_Endereco = ?  , Par_Complemento = ?  , Par_Numero = ?  , Par_Cep = ?  , Par_Telefone = ?  WHERE Par_Codigo = ?]
	at org.hsqldb.jdbc.Util.throwError(Unknown Source)
	at org.hsqldb.jdbc.jdbcPreparedStatement.executeUpdate(Unknown Source)
	at sql.querys.hsqldb.XUpdateHSQLDB.executa(Unknown Source)
	at sql.querys.XUpdate.executa(Unknown Source)
	at lib.beans.Participante.update(Participante.java:290)
	at lib.telas.FrmCadastros.doAlterar(FrmCadastros.java:224)
	at lib.telas.FrmCadastros.okClick(FrmCadastros.java:175)
	at lib.telas.FrmCadastros$1.actionPerformed(FrmCadastros.java:67)
	at javax.swing.AbstractButton.fireActionPerformed(Unknown Source)
	at javax.swing.AbstractButton$Handler.actionPerformed(Unknown Source)
	at javax.swing.DefaultButtonModel.fireActionPerformed(Unknown Source)
	at javax.swing.DefaultButtonModel.setPressed(Unknown Source)
	at javax.swing.plaf.basic.BasicButtonListener.mouseReleased(Unknown Source)
	at java.awt.Component.processMouseEvent(Unknown Source)
	at javax.swing.JComponent.processMouseEvent(Unknown Source)
	at java.awt.Component.processEvent(Unknown Source)
	at java.awt.Container.processEvent(Unknown Source)
	at java.awt.Component.dispatchEventImpl(Unknown Source)
	at java.awt.Container.dispatchEventImpl(Unknown Source)
	at java.awt.Component.dispatchEvent(Unknown Source)
	at java.awt.LightweightDispatcher.retargetMouseEvent(Unknown Source)
	at java.awt.LightweightDispatcher.processMouseEvent(Unknown Source)
	at java.awt.LightweightDispatcher.dispatchEvent(Unknown Source)
	at java.awt.Container.dispatchEventImpl(Unknown Source)
	at java.awt.Window.dispatchEventImpl(Unknown Source)
	at java.awt.Component.dispatchEvent(Unknown Source)
	at java.awt.EventQueue.dispatchEvent(Unknown Source)
	at java.awt.EventDispatchThread.pumpOneEventForFilters(Unknown Source)
	at java.awt.EventDispatchThread.pumpEventsForFilter(Unknown Source)
	at java.awt.EventDispatchThread.pumpEventsForHierarchy(Unknown Source)
	at java.awt.EventDispatchThread.pumpEvents(Unknown Source)
	at java.awt.EventDispatchThread.pumpEvents(Unknown Source)
	at java.awt.EventDispatchThread.run(Unknown Source)
