SQLState : 23000
ErrorCode : -177

23/10/08 00:01:27--------------------------------------------------------
class java.sql.SQLException : Integrity constraint violation - no parent SYS_FK_706 table: ESTIMULOS in statement [INSERT INTO Itens_Realiza_Sessao( Ite_Sub_Fase , Ite_Realiza , Ite_Agrupador , Ite_Tentativa , Ite_Tempo , ITE_ORDEM_EXEC , ITE_SUB_INSTANCIA , Ite_Modelo , Ite_Modelo_Tipo , Ite_Escolhido , Ite_Escolhido_tipo , Ite_Esc_Correto , Ite_Esc_Correto_Tipo , ITE_ESCOLHA_3 , ITE_ESCOLHA_3_TIPO , ITE_ESCOLHA_6 , ITE_ESCOLHA_6_TIPO) VALUES ( ? , ? , ? , ? , ? , ? , ? , ? , ? , ? , ? , ? , ? , ? , ? , ? , ?) ]
	at org.hsqldb.jdbc.Util.throwError(Unknown Source)
	at org.hsqldb.jdbc.jdbcPreparedStatement.executeUpdate(Unknown Source)
	at sql.querys.hsqldb.XInsertHSQLDB.executa(Unknown Source)
	at sql.querys.XInsert.executa(Unknown Source)
	at lib.beans.ItemRealizaSessao.insert(ItemRealizaSessao.java:177)
	at telas.realiza.sessao.PanelRealiza.errou(PanelRealiza.java:270)
	at telas.realiza.sessao.PanelRealiza.access$4(PanelRealiza.java:265)
	at telas.realiza.sessao.PanelRealiza$ActionErrou.actionPerformed(PanelRealiza.java:231)
	at javax.swing.AbstractButton.fireActionPerformed(Unknown Source)
	at javax.swing.AbstractButton$Handler.actionPerformed(Unknown Source)
	at javax.swing.DefaultButtonModel.fireActionPerformed(Unknown Source)
	at javax.swing.DefaultButtonModel.setPressed(Unknown Source)
	at javax.swing.plaf.basic.BasicButtonListener.mouseReleased(Unknown Source)
	at java.awt.Component.processMouseEvent(Unknown Source)
	at javax.swing.JComponent.processMouseEvent(Unknown Source)
	at java.awt.Component.processEvent(Unknown Source)
	at java.awt.Container.processEvent(Unknown Source)
	at java.awt.Component.dispatchEventImpl(Unknown Source)
	at java.awt.Container.dispatchEventImpl(Unknown Source)
	at java.awt.Component.dispatchEvent(Unknown Source)
	at java.awt.LightweightDispatcher.retargetMouseEvent(Unknown Source)
	at java.awt.LightweightDispatcher.processMouseEvent(Unknown Source)
	at java.awt.LightweightDispatcher.dispatchEvent(Unknown Source)
	at java.awt.Container.dispatchEventImpl(Unknown Source)
	at java.awt.Window.dispatchEventImpl(Unknown Source)
	at java.awt.Component.dispatchEvent(Unknown Source)
	at java.awt.EventQueue.dispatchEvent(Unknown Source)
	at java.awt.EventDispatchThread.pumpOneEventForFilters(Unknown Source)
	at java.awt.EventDispatchThread.pumpEventsForFilter(Unknown Source)
	at java.awt.EventDispatchThread.pumpEventsForFilter(Unknown Source)
	at java.awt.Dialog$1.run(Unknown Source)
	at java.awt.Dialog$3.run(Unknown Source)
	at java.security.AccessController.doPrivileged(Native Method)
	at java.awt.Dialog.show(Unknown Source)
	at java.awt.Component.show(Unknown Source)
	at java.awt.Component.setVisible(Unknown Source)
	at java.awt.Window.setVisible(Unknown Source)
	at java.awt.Dialog.setVisible(Unknown Source)
	at java.awt.GraphicsDevice.setFullScreenWindow(Unknown Source)
	at sun.awt.Win32GraphicsDevice.setFullScreenWindow(Unknown Source)
	at swing.XDialog.setFullScreenMode(Unknown Source)
	at telas.realiza.sessao.FrmRealizaSessao.doIniciar(FrmRealizaSessao.java:69)
	at lib.telas.FrmRelatorios.okClick(FrmRelatorios.java:100)
	at lib.telas.FrmRelatorios$1.actionPerformed(FrmRelatorios.java:50)
	at javax.swing.AbstractButton.fireActionPerformed(Unknown Source)
	at javax.swing.AbstractButton$Handler.actionPerformed(Unknown Source)
	at javax.swing.DefaultButtonModel.fireActionPerformed(Unknown Source)
	at javax.swing.DefaultButtonModel.setPressed(Unknown Source)
	at javax.swing.plaf.basic.BasicButtonListener.mouseReleased(Unknown Source)
	at java.awt.Component.processMouseEvent(Unknown Source)
	at javax.swing.JComponent.processMouseEvent(Unknown Source)
	at java.awt.Component.processEvent(Unknown Source)
	at java.awt.Container.processEvent(Unknown Source)
	at java.awt.Component.dispatchEventImpl(Unknown Source)
	at java.awt.Container.dispatchEventImpl(Unknown Source)
	at java.awt.Component.dispatchEvent(Unknown Source)
	at java.awt.LightweightDispatcher.retargetMouseEvent(Unknown Source)
	at java.awt.LightweightDispatcher.processMouseEvent(Unknown Source)
	at java.awt.LightweightDispatcher.dispatchEvent(Unknown Source)
	at java.awt.Container.dispatchEventImpl(Unknown Source)
	at java.awt.Window.dispatchEventImpl(Unknown Source)
	at java.awt.Component.dispatchEvent(Unknown Source)
	at java.awt.EventQueue.dispatchEvent(Unknown Source)
	at java.awt.EventDispatchThread.pumpOneEventForFilters(Unknown Source)
	at java.awt.EventDispatchThread.pumpEventsForFilter(Unknown Source)
	at java.awt.EventDispatchThread.pumpEventsForHierarchy(Unknown Source)
	at java.awt.EventDispatchThread.pumpEvents(Unknown Source)
	at java.awt.EventDispatchThread.pumpEvents(Unknown Source)
	at java.awt.EventDispatchThread.run(Unknown Source)
SQLState : 23000
ErrorCode : -177

23/10/08 00:04:37--------------------------------------------------------
class java.sql.SQLException : Integrity constraint violation - no parent SYS_FK_706 table: ESTIMULOS in statement [INSERT INTO Itens_Realiza_Sessao( Ite_Sub_Fase , Ite_Realiza , Ite_Agrupador , Ite_Tentativa , Ite_Tempo , ITE_ORDEM_EXEC , ITE_SUB_INSTANCIA , Ite_Modelo , Ite_Modelo_Tipo , Ite_Escolhido , Ite_Escolhido_tipo , Ite_Esc_Correto , Ite_Esc_Correto_Tipo , ITE_ESCOLHA_1 , ITE_ESCOLHA_1_TIPO , ITE_ESCOLHA_4 , ITE_ESCOLHA_4_TIPO) VALUES ( ? , ? , ? , ? , ? , ? , ? , ? , ? , ? , ? , ? , ? , ? , ? , ? , ?) ]
	at org.hsqldb.jdbc.Util.throwError(Unknown Source)
	at org.hsqldb.jdbc.jdbcPreparedStatement.executeUpdate(Unknown Source)
	at sql.querys.hsqldb.XInsertHSQLDB.executa(Unknown Source)
	at sql.querys.XInsert.executa(Unknown Source)
	at lib.beans.ItemRealizaSessao.insert(ItemRealizaSessao.java:177)
	at telas.realiza.sessao.PanelRealiza.errou(PanelRealiza.java:271)
	at telas.realiza.sessao.PanelRealiza.access$4(PanelRealiza.java:266)
	at telas.realiza.sessao.PanelRealiza$ActionErrou.actionPerformed(PanelRealiza.java:231)
	at javax.swing.AbstractButton.fireActionPerformed(Unknown Source)
	at javax.swing.AbstractButton$Handler.actionPerformed(Unknown Source)
	at javax.swing.DefaultButtonModel.fireActionPerformed(Unknown Source)
	at javax.swing.DefaultButtonModel.setPressed(Unknown Source)
	at javax.swing.plaf.basic.BasicButtonListener.mouseReleased(Unknown Source)
	at java.awt.Component.processMouseEvent(Unknown Source)
	at javax.swing.JComponent.processMouseEvent(Unknown Source)
	at java.awt.Component.processEvent(Unknown Source)
	at java.awt.Container.processEvent(Unknown Source)
	at java.awt.Component.dispatchEventImpl(Unknown Source)
	at java.awt.Container.dispatchEventImpl(Unknown Source)
	at java.awt.Component.dispatchEvent(Unknown Source)
	at java.awt.LightweightDispatcher.retargetMouseEvent(Unknown Source)
	at java.awt.LightweightDispatcher.processMouseEvent(Unknown Source)
	at java.awt.LightweightDispatcher.dispatchEvent(Unknown Source)
	at java.awt.Container.dispatchEventImpl(Unknown Source)
	at java.awt.Window.dispatchEventImpl(Unknown Source)
	at java.awt.Component.dispatchEvent(Unknown Source)
	at java.awt.EventQueue.dispatchEvent(Unknown Source)
	at java.awt.EventDispatchThread.pumpOneEventForFilters(Unknown Source)
	at java.awt.EventDispatchThread.pumpEventsForFilter(Unknown Source)
	at java.awt.EventDispatchThread.pumpEventsForFilter(Unknown Source)
	at java.awt.Dialog$1.run(Unknown Source)
	at java.awt.Dialog$3.run(Unknown Source)
	at java.security.AccessController.doPrivileged(Native Method)
	at java.awt.Dialog.show(Unknown Source)
	at java.awt.Component.show(Unknown Source)
	at java.awt.Component.setVisible(Unknown Source)
	at java.awt.Window.setVisible(Unknown Source)
	at java.awt.Dialog.setVisible(Unknown Source)
	at java.awt.GraphicsDevice.setFullScreenWindow(Unknown Source)
	at sun.awt.Win32GraphicsDevice.setFullScreenWindow(Unknown Source)
	at swing.XDialog.setFullScreenMode(Unknown Source)
	at telas.realiza.sessao.FrmRealizaSessao.doIniciar(FrmRealizaSessao.java:69)
	at lib.telas.FrmRelatorios.okClick(FrmRelatorios.java:100)
	at lib.telas.FrmRelatorios$1.actionPerformed(FrmRelatorios.java:50)
	at javax.swing.AbstractButton.fireActionPerformed(Unknown Source)
	at javax.swing.AbstractButton$Handler.actionPerformed(Unknown Source)
	at javax.swing.DefaultButtonModel.fireActionPerformed(Unknown Source)
	at javax.swing.DefaultButtonModel.setPressed(Unknown Source)
	at javax.swing.plaf.basic.BasicButtonListener.mouseReleased(Unknown Source)
	at java.awt.Component.processMouseEvent(Unknown Source)
	at javax.swing.JComponent.processMouseEvent(Unknown Source)
	at java.awt.Component.processEvent(Unknown Source)
	at java.awt.Container.processEvent(Unknown Source)
	at java.awt.Component.dispatchEventImpl(Unknown Source)
	at java.awt.Container.dispatchEventImpl(Unknown Source)
	at java.awt.Component.dispatchEvent(Unknown Source)
	at java.awt.LightweightDispatcher.retargetMouseEvent(Unknown Source)
	at java.awt.LightweightDispatcher.processMouseEvent(Unknown Source)
	at java.awt.LightweightDispatcher.dispatchEvent(Unknown Source)
	at java.awt.Container.dispatchEventImpl(Unknown Source)
	at java.awt.Window.dispatchEventImpl(Unknown Source)
	at java.awt.Component.dispatchEvent(Unknown Source)
	at java.awt.EventQueue.dispatchEvent(Unknown Source)
	at java.awt.EventDispatchThread.pumpOneEventForFilters(Unknown Source)
	at java.awt.EventDispatchThread.pumpEventsForFilter(Unknown Source)
	at java.awt.EventDispatchThread.pumpEventsForHierarchy(Unknown Source)
	at java.awt.EventDispatchThread.pumpEvents(Unknown Source)
	at java.awt.EventDispatchThread.pumpEvents(Unknown Source)
	at java.awt.EventDispatchThread.run(Unknown Source)
SQLState : 23000
ErrorCode : -177

23/10/08 00:05:58--------------------------------------------------------
class java.sql.SQLException : Integrity constraint violation - no parent SYS_FK_706 table: ESTIMULOS in statement [INSERT INTO Itens_Realiza_Sessao( Ite_Sub_Fase , Ite_Realiza , Ite_Agrupador , Ite_Tentativa , Ite_Tempo , ITE_ORDEM_EXEC , ITE_SUB_INSTANCIA , Ite_Modelo , Ite_Modelo_Tipo , Ite_Escolhido , Ite_Escolhido_tipo , Ite_Esc_Correto , Ite_Esc_Correto_Tipo , ITE_ESCOLHA_1 , ITE_ESCOLHA_1_TIPO , ITE_ESCOLHA_6 , ITE_ESCOLHA_6_TIPO) VALUES ( ? , ? , ? , ? , ? , ? , ? , ? , ? , ? , ? , ? , ? , ? , ? , ? , ?) ]
	at org.hsqldb.jdbc.Util.throwError(Unknown Source)
	at org.hsqldb.jdbc.jdbcPreparedStatement.executeUpdate(Unknown Source)
	at sql.querys.hsqldb.XInsertHSQLDB.executa(Unknown Source)
	at sql.querys.XInsert.executa(Unknown Source)
	at lib.beans.ItemRealizaSessao.insert(ItemRealizaSessao.java:177)
	at telas.realiza.sessao.PanelRealiza.errou(PanelRealiza.java:271)
	at telas.realiza.sessao.PanelRealiza.access$4(PanelRealiza.java:266)
	at telas.realiza.sessao.PanelRealiza$ActionErrou.actionPerformed(PanelRealiza.java:231)
	at javax.swing.AbstractButton.fireActionPerformed(Unknown Source)
	at javax.swing.AbstractButton$Handler.actionPerformed(Unknown Source)
	at javax.swing.DefaultButtonModel.fireActionPerformed(Unknown Source)
	at javax.swing.DefaultButtonModel.setPressed(Unknown Source)
	at javax.swing.plaf.basic.BasicButtonListener.mouseReleased(Unknown Source)
	at java.awt.Component.processMouseEvent(Unknown Source)
	at javax.swing.JComponent.processMouseEvent(Unknown Source)
	at java.awt.Component.processEvent(Unknown Source)
	at java.awt.Container.processEvent(Unknown Source)
	at java.awt.Component.dispatchEventImpl(Unknown Source)
	at java.awt.Container.dispatchEventImpl(Unknown Source)
	at java.awt.Component.dispatchEvent(Unknown Source)
	at java.awt.LightweightDispatcher.retargetMouseEvent(Unknown Source)
	at java.awt.LightweightDispatcher.processMouseEvent(Unknown Source)
	at java.awt.LightweightDispatcher.dispatchEvent(Unknown Source)
	at java.awt.Container.dispatchEventImpl(Unknown Source)
	at java.awt.Window.dispatchEventImpl(Unknown Source)
	at java.awt.Component.dispatchEvent(Unknown Source)
	at java.awt.EventQueue.dispatchEvent(Unknown Source)
	at java.awt.EventDispatchThread.pumpOneEventForFilters(Unknown Source)
	at java.awt.EventDispatchThread.pumpEventsForFilter(Unknown Source)
	at java.awt.EventDispatchThread.pumpEventsForFilter(Unknown Source)
	at java.awt.Dialog$1.run(Unknown Source)
	at java.awt.Dialog$3.run(Unknown Source)
	at java.security.AccessController.doPrivileged(Native Method)
	at java.awt.Dialog.show(Unknown Source)
	at java.awt.Component.show(Unknown Source)
	at java.awt.Component.setVisible(Unknown Source)
	at java.awt.Window.setVisible(Unknown Source)
	at java.awt.Dialog.setVisible(Unknown Source)
	at java.awt.GraphicsDevice.setFullScreenWindow(Unknown Source)
	at sun.awt.Win32GraphicsDevice.setFullScreenWindow(Unknown Source)
	at swing.XDialog.setFullScreenMode(Unknown Source)
	at telas.realiza.sessao.FrmRealizaSessao.doIniciar(FrmRealizaSessao.java:69)
	at lib.telas.FrmRelatorios.okClick(FrmRelatorios.java:100)
	at lib.telas.FrmRelatorios$1.actionPerformed(FrmRelatorios.java:50)
	at javax.swing.AbstractButton.fireActionPerformed(Unknown Source)
	at javax.swing.AbstractButton$Handler.actionPerformed(Unknown Source)
	at javax.swing.DefaultButtonModel.fireActionPerformed(Unknown Source)
	at javax.swing.DefaultButtonModel.setPressed(Unknown Source)
	at javax.swing.plaf.basic.BasicButtonListener.mouseReleased(Unknown Source)
	at java.awt.Component.processMouseEvent(Unknown Source)
	at javax.swing.JComponent.processMouseEvent(Unknown Source)
	at java.awt.Component.processEvent(Unknown Source)
	at java.awt.Container.processEvent(Unknown Source)
	at java.awt.Component.dispatchEventImpl(Unknown Source)
	at java.awt.Container.dispatchEventImpl(Unknown Source)
	at java.awt.Component.dispatchEvent(Unknown Source)
	at java.awt.LightweightDispatcher.retargetMouseEvent(Unknown Source)
	at java.awt.LightweightDispatcher.processMouseEvent(Unknown Source)
	at java.awt.LightweightDispatcher.dispatchEvent(Unknown Source)
	at java.awt.Container.dispatchEventImpl(Unknown Source)
	at java.awt.Window.dispatchEventImpl(Unknown Source)
	at java.awt.Component.dispatchEvent(Unknown Source)
	at java.awt.EventQueue.dispatchEvent(Unknown Source)
	at java.awt.EventDispatchThread.pumpOneEventForFilters(Unknown Source)
	at java.awt.EventDispatchThread.pumpEventsForFilter(Unknown Source)
	at java.awt.EventDispatchThread.pumpEventsForHierarchy(Unknown Source)
	at java.awt.EventDispatchThread.pumpEvents(Unknown Source)
	at java.awt.EventDispatchThread.pumpEvents(Unknown Source)
	at java.awt.EventDispatchThread.run(Unknown Source)
