SQLState : 37000
ErrorCode : -11

29/10/08 00:36:15--------------------------------------------------------
class java.sql.SQLException : Unexpected token: ? in statement [SELECT count(Est_Sub_Fase) FROM Estimulos_Sub_Fase WHERE (Est_Sub_Estimulo_Modelo = ? or Est_Sub_Estimulo_Escolha) and (Est_Sub_Estimulo_Modelo_Tipo = ? or Est_Sub_Estimulo_Escolha_Tipo ?) ]
	at org.hsqldb.jdbc.Util.throwError(Unknown Source)
	at org.hsqldb.jdbc.jdbcPreparedStatement.<init>(Unknown Source)
	at org.hsqldb.jdbc.jdbcConnection.prepareStatement(Unknown Source)
	at sql.bancos.XBanco.getPrepareStatement(Unknown Source)
	at sql.querys.hsqldb.XSelectHSQLDB.executa(Unknown Source)
	at sql.querys.XSelect.executa(Unknown Source)
	at lib.beans.Estimulo.verificaTipoTentativa(Estimulo.java:398)
	at lib.beans.Estimulo.update(Estimulo.java:248)
	at lib.telas.FrmCadastros.doAlterar(FrmCadastros.java:221)
	at lib.telas.FrmCadastros.okClick(FrmCadastros.java:174)
	at telas.cadastros.FrmCadEstimulos.okClick(FrmCadEstimulos.java:95)
	at lib.telas.FrmCadastros$1.actionPerformed(FrmCadastros.java:67)
	at javax.swing.AbstractButton.fireActionPerformed(Unknown Source)
	at javax.swing.AbstractButton$Handler.actionPerformed(Unknown Source)
	at javax.swing.DefaultButtonModel.fireActionPerformed(Unknown Source)
	at javax.swing.DefaultButtonModel.setPressed(Unknown Source)
	at javax.swing.plaf.basic.BasicButtonListener.mouseReleased(Unknown Source)
	at java.awt.Component.processMouseEvent(Unknown Source)
	at javax.swing.JComponent.processMouseEvent(Unknown Source)
	at java.awt.Component.processEvent(Unknown Source)
	at java.awt.Container.processEvent(Unknown Source)
	at java.awt.Component.dispatchEventImpl(Unknown Source)
	at java.awt.Container.dispatchEventImpl(Unknown Source)
	at java.awt.Component.dispatchEvent(Unknown Source)
	at java.awt.LightweightDispatcher.retargetMouseEvent(Unknown Source)
	at java.awt.LightweightDispatcher.processMouseEvent(Unknown Source)
	at java.awt.LightweightDispatcher.dispatchEvent(Unknown Source)
	at java.awt.Container.dispatchEventImpl(Unknown Source)
	at java.awt.Window.dispatchEventImpl(Unknown Source)
	at java.awt.Component.dispatchEvent(Unknown Source)
	at java.awt.EventQueue.dispatchEvent(Unknown Source)
	at java.awt.EventDispatchThread.pumpOneEventForFilters(Unknown Source)
	at java.awt.EventDispatchThread.pumpEventsForFilter(Unknown Source)
	at java.awt.EventDispatchThread.pumpEventsForHierarchy(Unknown Source)
	at java.awt.EventDispatchThread.pumpEvents(Unknown Source)
	at java.awt.EventDispatchThread.pumpEvents(Unknown Source)
	at java.awt.EventDispatchThread.run(Unknown Source)
SQLState : 37000
ErrorCode : -11

29/10/08 00:37:19--------------------------------------------------------
class java.sql.SQLException : Unexpected token: ? in statement [SELECT count(Est_Sub_Fase) FROM Estimulos_Sub_Fase WHERE (Est_Sub_Estimulo_Modelo = ? or Est_Sub_Estimulo_Escolha = ? ) and (Est_Sub_Estimulo_Modelo_Tipo = ? or Est_Sub_Estimulo_Escolha_Tipo ?) ]
	at org.hsqldb.jdbc.Util.throwError(Unknown Source)
	at org.hsqldb.jdbc.jdbcPreparedStatement.<init>(Unknown Source)
	at org.hsqldb.jdbc.jdbcConnection.prepareStatement(Unknown Source)
	at sql.bancos.XBanco.getPrepareStatement(Unknown Source)
	at sql.querys.hsqldb.XSelectHSQLDB.executa(Unknown Source)
	at sql.querys.XSelect.executa(Unknown Source)
	at lib.beans.Estimulo.verificaTipoTentativa(Estimulo.java:398)
	at lib.beans.Estimulo.update(Estimulo.java:248)
	at lib.telas.FrmCadastros.doAlterar(FrmCadastros.java:221)
	at lib.telas.FrmCadastros.okClick(FrmCadastros.java:174)
	at telas.cadastros.FrmCadEstimulos.okClick(FrmCadEstimulos.java:95)
	at lib.telas.FrmCadastros$1.actionPerformed(FrmCadastros.java:67)
	at javax.swing.AbstractButton.fireActionPerformed(Unknown Source)
	at javax.swing.AbstractButton$Handler.actionPerformed(Unknown Source)
	at javax.swing.DefaultButtonModel.fireActionPerformed(Unknown Source)
	at javax.swing.DefaultButtonModel.setPressed(Unknown Source)
	at javax.swing.plaf.basic.BasicButtonListener.mouseReleased(Unknown Source)
	at java.awt.Component.processMouseEvent(Unknown Source)
	at javax.swing.JComponent.processMouseEvent(Unknown Source)
	at java.awt.Component.processEvent(Unknown Source)
	at java.awt.Container.processEvent(Unknown Source)
	at java.awt.Component.dispatchEventImpl(Unknown Source)
	at java.awt.Container.dispatchEventImpl(Unknown Source)
	at java.awt.Component.dispatchEvent(Unknown Source)
	at java.awt.LightweightDispatcher.retargetMouseEvent(Unknown Source)
	at java.awt.LightweightDispatcher.processMouseEvent(Unknown Source)
	at java.awt.LightweightDispatcher.dispatchEvent(Unknown Source)
	at java.awt.Container.dispatchEventImpl(Unknown Source)
	at java.awt.Window.dispatchEventImpl(Unknown Source)
	at java.awt.Component.dispatchEvent(Unknown Source)
	at java.awt.EventQueue.dispatchEvent(Unknown Source)
	at java.awt.EventDispatchThread.pumpOneEventForFilters(Unknown Source)
	at java.awt.EventDispatchThread.pumpEventsForFilter(Unknown Source)
	at java.awt.EventDispatchThread.pumpEventsForHierarchy(Unknown Source)
	at java.awt.EventDispatchThread.pumpEvents(Unknown Source)
	at java.awt.EventDispatchThread.pumpEvents(Unknown Source)
	at java.awt.EventDispatchThread.run(Unknown Source)
